{"C:\\projects\\ikea\\oneui\\projects\\src\\functions\\functions.js": {"path":"C:\\projects\\ikea\\oneui\\projects\\src\\functions\\functions.js","statementMap":{"0":{"start":{"line":3,"column":23},"end":{"line":13,"column":1}},"1":{"start":{"line":4,"column":21},"end":{"line":11,"column":6}},"2":{"start":{"line":12,"column":4},"end":{"line":12,"column":20}},"3":{"start":{"line":18,"column":19},"end":{"line":26,"column":4}},"4":{"start":{"line":27,"column":2},"end":{"line":27,"column":25}},"5":{"start":{"line":31,"column":19},"end":{"line":39,"column":4}},"6":{"start":{"line":40,"column":2},"end":{"line":40,"column":25}},"7":{"start":{"line":45,"column":24},"end":{"line":51,"column":1}},"8":{"start":{"line":46,"column":15},"end":{"line":46,"column":136}},"9":{"start":{"line":47,"column":19},"end":{"line":47,"column":45}},"10":{"start":{"line":48,"column":10},"end":{"line":48,"column":30}},"11":{"start":{"line":49,"column":10},"end":{"line":49,"column":22}},"12":{"start":{"line":50,"column":2},"end":{"line":50,"column":19}},"13":{"start":{"line":53,"column":23},"end":{"line":60,"column":1}},"14":{"start":{"line":54,"column":2},"end":{"line":56,"column":3}},"15":{"start":{"line":55,"column":6},"end":{"line":55,"column":16}},"16":{"start":{"line":58,"column":18},"end":{"line":58,"column":38}},"17":{"start":{"line":59,"column":2},"end":{"line":59,"column":22}},"18":{"start":{"line":63,"column":32},"end":{"line":65,"column":1}},"19":{"start":{"line":64,"column":2},"end":{"line":64,"column":62}},"20":{"start":{"line":68,"column":40},"end":{"line":72,"column":1}},"21":{"start":{"line":69,"column":14},"end":{"line":69,"column":37}},"22":{"start":{"line":70,"column":2},"end":{"line":70,"column":60}},"23":{"start":{"line":71,"column":2},"end":{"line":71,"column":25}}},"fnMap":{"0":{"name":"(anonymous_0)","decl":{"start":{"line":3,"column":23},"end":{"line":3,"column":24}},"loc":{"start":{"line":3,"column":43},"end":{"line":13,"column":1}},"line":3},"1":{"name":"postData","decl":{"start":{"line":17,"column":22},"end":{"line":17,"column":30}},"loc":{"start":{"line":17,"column":52},"end":{"line":28,"column":1}},"line":17},"2":{"name":"putData","decl":{"start":{"line":30,"column":22},"end":{"line":30,"column":29}},"loc":{"start":{"line":30,"column":51},"end":{"line":41,"column":1}},"line":30},"3":{"name":"(anonymous_3)","decl":{"start":{"line":45,"column":24},"end":{"line":45,"column":25}},"loc":{"start":{"line":45,"column":39},"end":{"line":51,"column":1}},"line":45},"4":{"name":"(anonymous_4)","decl":{"start":{"line":53,"column":23},"end":{"line":53,"column":24}},"loc":{"start":{"line":53,"column":38},"end":{"line":60,"column":1}},"line":53},"5":{"name":"(anonymous_5)","decl":{"start":{"line":63,"column":32},"end":{"line":63,"column":33}},"loc":{"start":{"line":63,"column":39},"end":{"line":65,"column":1}},"line":63},"6":{"name":"(anonymous_6)","decl":{"start":{"line":68,"column":40},"end":{"line":68,"column":41}},"loc":{"start":{"line":68,"column":47},"end":{"line":72,"column":1}},"line":68}},"branchMap":{"0":{"loc":{"start":{"line":3,"column":30},"end":{"line":3,"column":38}},"type":"default-arg","locations":[{"start":{"line":3,"column":36},"end":{"line":3,"column":38}}],"line":3},"1":{"loc":{"start":{"line":17,"column":31},"end":{"line":17,"column":39}},"type":"default-arg","locations":[{"start":{"line":17,"column":37},"end":{"line":17,"column":39}}],"line":17},"2":{"loc":{"start":{"line":17,"column":41},"end":{"line":17,"column":50}},"type":"default-arg","locations":[{"start":{"line":17,"column":48},"end":{"line":17,"column":50}}],"line":17},"3":{"loc":{"start":{"line":30,"column":30},"end":{"line":30,"column":38}},"type":"default-arg","locations":[{"start":{"line":30,"column":36},"end":{"line":30,"column":38}}],"line":30},"4":{"loc":{"start":{"line":30,"column":40},"end":{"line":30,"column":49}},"type":"default-arg","locations":[{"start":{"line":30,"column":47},"end":{"line":30,"column":49}}],"line":30},"5":{"loc":{"start":{"line":54,"column":2},"end":{"line":56,"column":3}},"type":"if","locations":[{"start":{"line":54,"column":2},"end":{"line":56,"column":3}},{"start":{"line":54,"column":2},"end":{"line":56,"column":3}}],"line":54},"6":{"loc":{"start":{"line":54,"column":5},"end":{"line":54,"column":70}},"type":"binary-expr","locations":[{"start":{"line":54,"column":5},"end":{"line":54,"column":28}},{"start":{"line":54,"column":32},"end":{"line":54,"column":48}},{"start":{"line":54,"column":52},"end":{"line":54,"column":70}}],"line":54}},"s":{"0":1,"1":0,"2":0,"3":0,"4":0,"5":0,"6":0,"7":1,"8":1,"9":1,"10":1,"11":1,"12":1,"13":1,"14":1,"15":0,"16":1,"17":1,"18":1,"19":0,"20":1,"21":0,"22":0,"23":0},"f":{"0":0,"1":0,"2":0,"3":1,"4":1,"5":0,"6":0},"b":{"0":[0],"1":[0],"2":[0],"3":[0],"4":[0],"5":[0,1],"6":[1,1,1]},"_coverageSchema":"1a1c01bbd47fc00a2c39e90264f33305004495a9","hash":"4b0ea4f00b64e49ad0e1516e14f78d2ceb08420b"}
}
