TN:
SF:src\functions\functions.js
FN:3,(anonymous_0)
FN:17,postData
FN:30,putData
FN:45,(anonymous_3)
FN:53,(anonymous_4)
FN:63,(anonymous_5)
FN:68,(anonymous_6)
FNF:7
FNH:2
FNDA:0,(anonymous_0)
FNDA:0,postData
FNDA:0,putData
FNDA:1,(anonymous_3)
FNDA:1,(anonymous_4)
FNDA:0,(anonymous_5)
FNDA:0,(anonymous_6)
DA:3,1
DA:4,0
DA:12,0
DA:18,0
DA:27,0
DA:31,0
DA:40,0
DA:45,1
DA:46,1
DA:47,1
DA:48,1
DA:49,1
DA:50,1
DA:53,1
DA:54,1
DA:55,0
DA:58,1
DA:59,1
DA:63,1
DA:64,0
DA:68,1
DA:69,0
DA:70,0
DA:71,0
LF:24
LH:13
BRDA:3,0,0,0
BRDA:17,1,0,0
BRDA:17,2,0,0
BRDA:30,3,0,0
BRDA:30,4,0,0
BRDA:54,5,0,0
BRDA:54,5,1,1
BRDA:54,6,0,1
BRDA:54,6,1,1
BRDA:54,6,2,1
BRF:10
BRH:4
end_of_record
